Using pre-set license
Built from '2020.3/release' branch; Version is '2020.3.12f1 (b3b2c6512326) revision 11776710'; Using compiler version '192528614'; Build Type 'Release'
OS: 'Windows 10 Pro; OS build 18362.1256; Version 1903; 64bit' Language: 'en' Physical Memory: 16336 MB
BatchMode: 1, IsHumanControllingUs: 0, StartBugReporterOnCrash: 0, Is64bit: 1, IsPro: 0

 COMMAND LINE ARGUMENTS:
C:\Program Files\Unity\Editor\2020.3.12f1\Editor\Unity.exe
-adb2
-batchMode
-noUpm
-name
AssetImportWorker0
-projectPath
G:/LSW-Programming-Interview
-logFile
Logs/AssetImportWorker0.log
-srvPort
49689
Successfully changed project path to: G:/LSW-Programming-Interview
G:/LSW-Programming-Interview
Using Asset Import Pipeline V2.
Refreshing native plugins compatible for Editor in 54.94 ms, found 3 plugins.
Preloading 0 native plugins for Editor in 0.00 ms.
Initialize engine version: 2020.3.12f1 (b3b2c6512326)
[Subsystems] Discovering subsystems at path C:/Program Files/Unity/Editor/2020.3.12f1/Editor/Data/Resources/UnitySubsystems
[Subsystems] Discovering subsystems at path G:/LSW-Programming-Interview/Assets
GfxDevice: creating device client; threaded=0
Direct3D:
    Version:  Direct3D 11.0 [level 11.0]
    Renderer: NVIDIA GeForce GT 730 (ID=0x1287)
    Vendor:   
    VRAM:     2007 MB
    Driver:   26.21.14.3200
Initialize mono
Mono path[0] = 'C:/Program Files/Unity/Editor/2020.3.12f1/Editor/Data/Managed'
Mono path[1] = 'C:/Program Files/Unity/Editor/2020.3.12f1/Editor/Data/MonoBleedingEdge/lib/mono/unityjit'
Mono config path = 'C:/Program Files/Unity/Editor/2020.3.12f1/Editor/Data/MonoBleedingEdge/etc'
Using monoOptions --debugger-agent=transport=dt_socket,embedding=1,server=y,suspend=n,address=127.0.0.1:56196
Begin MonoManager ReloadAssembly
Registering precompiled unity dll's ...
Register platform support module: C:/Program Files/Unity/Editor/2020.3.12f1/Editor/Data/PlaybackEngines/WindowsStandaloneSupport/UnityEditor.WindowsStandalone.Extensions.dll
Registered in 0.001988 seconds.
Native extension for WindowsStandalone target not found
Refreshing native plugins compatible for Editor in 50.42 ms, found 3 plugins.
Preloading 0 native plugins for Editor in 0.00 ms.
Mono: successfully reloaded assembly
- Completed reload, in  1.957 seconds
Platform modules already initialized, skipping
Registering precompiled user dll's ...
Registered in 0.003950 seconds.
Begin MonoManager ReloadAssembly
Native extension for WindowsStandalone target not found
Refreshing native plugins compatible for Editor in 56.74 ms, found 3 plugins.
Preloading 0 native plugins for Editor in 0.00 ms.
Mono: successfully reloaded assembly
- Completed reload, in  1.311 seconds
Platform modules already initialized, skipping
========================================================================
Worker process is ready to serve import requests
Launched and connected shader compiler UnityShaderCompiler.exe after 0.05 seconds
Refreshing native plugins compatible for Editor in 0.56 ms, found 3 plugins.
Preloading 0 native plugins for Editor in 0.00 ms.
Unloading 2085 Unused Serialized files (Serialized files now loaded: 0)
System memory in use before: 93.2 MB.
System memory in use after: 93.1 MB.

Unloading 33 unused Assets to reduce memory usage. Loaded Objects now: 2521.
Total: 3.115600 ms (FindLiveObjects: 0.249300 ms CreateObjectMapping: 0.116700 ms MarkObjects: 2.596100 ms  DeleteObjects: 0.151300 ms)

AssetImportParameters requested are different than current active one (requested -> active):
  custom:framework-win-MediaFoundation: 216162199b28c13a410421893ffa2e32 -> 
  custom:video-decoder-ogg-theora: a1e56fd34408186e4bbccfd4996cb3dc -> 
  custom:container-muxer-webm: aa71ff27fc2769a1b78a27578f13a17b -> 
  custom:container-demuxer-webm: 4f35f7cbe854078d1ac9338744f61a02 -> 
  custom:container-demuxer-ogg: 62fdf1f143b41e24485cea50d1cbac27 -> 
  custom:video-encoder-webm-vp8: eb34c28f22e8b96e1ab97ce403110664 -> 
  custom:video-decoder-webm-vp8: 9c59270c3fd7afecdb556c50c9e8de78 -> 
  custom:audio-decoder-ogg-vorbis: bf7c407c2cedff20999df2af8eb42d56 -> 
  custom:audio-encoder-webm-vorbis: bf7c407c2cedff20999df2af8eb42d56 -> 
========================================================================
Received Import Request.
  path: Assets/Scenes/test.unity
  artifactKey: Guid(aa725547df46a014eb05e3c4f74458eb) Importer(815301076,1909f56bfc062723c751e8b465ee728b)
Start importing Assets/Scenes/test.unity using Guid(aa725547df46a014eb05e3c4f74458eb) Importer(815301076,1909f56bfc062723c751e8b465ee728b)  -> (artifact id: '197bd18a5abc7fb2bd2c3bbfa2f046b2') in 0.019098 seconds 
  Import took 0.027804 seconds .

========================================================================
Received Import Request.
  Time since last request: 1.957018 seconds.
  path: Assets/Scenes/test.unity
  artifactKey: Guid(aa725547df46a014eb05e3c4f74458eb) Importer(815301076,1909f56bfc062723c751e8b465ee728b)
Start importing Assets/Scenes/test.unity using Guid(aa725547df46a014eb05e3c4f74458eb) Importer(815301076,1909f56bfc062723c751e8b465ee728b)  -> (artifact id: '197bd18a5abc7fb2bd2c3bbfa2f046b2') in 0.001994 seconds 
  Import took 0.005604 seconds .

========================================================================
Received Prepare
Registering precompiled user dll's ...
Registered in 0.003735 seconds.
Begin MonoManager ReloadAssembly
Native extension for WindowsStandalone target not found
Refreshing native plugins compatible for Editor in 1.91 ms, found 3 plugins.
Preloading 0 native plugins for Editor in 0.00 ms.
Mono: successfully reloaded assembly
- Completed reload, in  3.431 seconds
Platform modules already initialized, skipping
Refreshing native plugins compatible for Editor in 0.58 ms, found 3 plugins.
Preloading 0 native plugins for Editor in 0.00 ms.
Unloading 2080 Unused Serialized files (Serialized files now loaded: 0)
System memory in use before: 93.1 MB.
System memory in use after: 93.1 MB.

Unloading 21 unused Assets to reduce memory usage. Loaded Objects now: 2525.
Total: 4.140000 ms (FindLiveObjects: 0.203100 ms CreateObjectMapping: 1.723100 ms MarkObjects: 2.097500 ms  DeleteObjects: 0.114900 ms)

AssetImportParameters requested are different than current active one (requested -> active):
  custom:framework-win-MediaFoundation: 216162199b28c13a410421893ffa2e32 -> 
  custom:video-decoder-ogg-theora: a1e56fd34408186e4bbccfd4996cb3dc -> 
  custom:container-muxer-webm: aa71ff27fc2769a1b78a27578f13a17b -> 
  custom:container-demuxer-webm: 4f35f7cbe854078d1ac9338744f61a02 -> 
  custom:container-demuxer-ogg: 62fdf1f143b41e24485cea50d1cbac27 -> 
  custom:video-encoder-webm-vp8: eb34c28f22e8b96e1ab97ce403110664 -> 
  custom:video-decoder-webm-vp8: 9c59270c3fd7afecdb556c50c9e8de78 -> 
  custom:audio-decoder-ogg-vorbis: bf7c407c2cedff20999df2af8eb42d56 -> 
  custom:audio-encoder-webm-vorbis: bf7c407c2cedff20999df2af8eb42d56 -> 
========================================================================
Received Prepare
Registering precompiled user dll's ...
Registered in 0.003889 seconds.
Begin MonoManager ReloadAssembly
Native extension for WindowsStandalone target not found
Refreshing native plugins compatible for Editor in 0.74 ms, found 3 plugins.
Preloading 0 native plugins for Editor in 0.00 ms.
Mono: successfully reloaded assembly
- Completed reload, in  1.155 seconds
Platform modules already initialized, skipping
Refreshing native plugins compatible for Editor in 1.03 ms, found 3 plugins.
Preloading 0 native plugins for Editor in 0.00 ms.
Unloading 2080 Unused Serialized files (Serialized files now loaded: 0)
System memory in use before: 93.1 MB.
System memory in use after: 93.1 MB.

Unloading 21 unused Assets to reduce memory usage. Loaded Objects now: 2529.
Total: 2.976500 ms (FindLiveObjects: 0.337700 ms CreateObjectMapping: 0.152800 ms MarkObjects: 2.340900 ms  DeleteObjects: 0.144000 ms)

AssetImportParameters requested are different than current active one (requested -> active):
  custom:framework-win-MediaFoundation: 216162199b28c13a410421893ffa2e32 -> 
  custom:video-decoder-ogg-theora: a1e56fd34408186e4bbccfd4996cb3dc -> 
  custom:container-muxer-webm: aa71ff27fc2769a1b78a27578f13a17b -> 
  custom:container-demuxer-webm: 4f35f7cbe854078d1ac9338744f61a02 -> 
  custom:container-demuxer-ogg: 62fdf1f143b41e24485cea50d1cbac27 -> 
  custom:video-encoder-webm-vp8: eb34c28f22e8b96e1ab97ce403110664 -> 
  custom:video-decoder-webm-vp8: 9c59270c3fd7afecdb556c50c9e8de78 -> 
  custom:audio-decoder-ogg-vorbis: bf7c407c2cedff20999df2af8eb42d56 -> 
  custom:audio-encoder-webm-vorbis: bf7c407c2cedff20999df2af8eb42d56 -> 
========================================================================
Received Import Request.
  Time since last request: 1292.255590 seconds.
  path: Assets/Art/Art/NPCs/NPC3_x5.png
  artifactKey: Guid(60ca54e8db93a72489c7772d0ff38f78) Importer(815301076,1909f56bfc062723c751e8b465ee728b)
Start importing Assets/Art/Art/NPCs/NPC3_x5.png using Guid(60ca54e8db93a72489c7772d0ff38f78) Importer(815301076,1909f56bfc062723c751e8b465ee728b)  -> (artifact id: '97fa512a074882f28ba271fc49444073') in 0.291764 seconds 
  Import took 0.318825 seconds .

========================================================================
Received Import Request.
  Time since last request: 0.465230 seconds.
  path: Assets/Art/Art/NPCs/NPC2_x5.png
  artifactKey: Guid(62abdcfa93f27d44c9dde377154a2986) Importer(815301076,1909f56bfc062723c751e8b465ee728b)
Start importing Assets/Art/Art/NPCs/NPC2_x5.png using Guid(62abdcfa93f27d44c9dde377154a2986) Importer(815301076,1909f56bfc062723c751e8b465ee728b)  -> (artifact id: 'd478caae2dd9b91b05a5d23168f18c5b') in 0.039598 seconds 
  Import took 0.043200 seconds .

========================================================================
Received Import Request.
  Time since last request: 0.427695 seconds.
  path: Assets/Art/Art/NPCs/NPC1_x5.png
  artifactKey: Guid(b7fb5c13182eff647967f837cf473611) Importer(815301076,1909f56bfc062723c751e8b465ee728b)
Start importing Assets/Art/Art/NPCs/NPC1_x5.png using Guid(b7fb5c13182eff647967f837cf473611) Importer(815301076,1909f56bfc062723c751e8b465ee728b)  -> (artifact id: '33263fb8fc21155f552d1e080cf860fd') in 0.035991 seconds 
  Import took 0.046135 seconds .

========================================================================
Received Import Request.
  Time since last request: 1.052659 seconds.
  path: Assets/Art/Art/NPCs/NPC4_x5.png
  artifactKey: Guid(954745001a7412d449152c8731888375) Importer(815301076,1909f56bfc062723c751e8b465ee728b)
Start importing Assets/Art/Art/NPCs/NPC4_x5.png using Guid(954745001a7412d449152c8731888375) Importer(815301076,1909f56bfc062723c751e8b465ee728b)  -> (artifact id: 'c49c17b5c1d93459e2305e743aeeeb47') in 0.039282 seconds 
  Import took 0.043007 seconds .

========================================================================
Received Import Request.
  Time since last request: 6.084776 seconds.
  path: Assets/Art/Art/shield2.png
  artifactKey: Guid(6fa3b3b5404a9f9429fef93bbcae6689) Importer(815301076,1909f56bfc062723c751e8b465ee728b)
Start importing Assets/Art/Art/shield2.png using Guid(6fa3b3b5404a9f9429fef93bbcae6689) Importer(815301076,1909f56bfc062723c751e8b465ee728b)  -> (artifact id: '8f5b7a18f3cf8f639e7a7239000c2057') in 0.019115 seconds 
  Import took 0.023455 seconds .

========================================================================
Received Import Request.
  Time since last request: 0.373475 seconds.
  path: Assets/Art/Art/inventory.psd
  artifactKey: Guid(a56a94e2dbd035347bdbd8efca7ce698) Importer(815301076,1909f56bfc062723c751e8b465ee728b)
Start importing Assets/Art/Art/inventory.psd using Guid(a56a94e2dbd035347bdbd8efca7ce698) Importer(815301076,1909f56bfc062723c751e8b465ee728b)  -> (artifact id: '251a9eb51fe7ac5854fe36d402c2244e') in 0.061505 seconds 
  Import took 0.065544 seconds .

========================================================================
Received Import Request.
  Time since last request: 8.380481 seconds.
  path: Assets/Art/Downloaded/Backgrounds/battleback forest autumn.png
  artifactKey: Guid(cbcfabd2b8025a84e92038a5857666a2) Importer(815301076,1909f56bfc062723c751e8b465ee728b)
Start importing Assets/Art/Downloaded/Backgrounds/battleback forest autumn.png using Guid(cbcfabd2b8025a84e92038a5857666a2) Importer(815301076,1909f56bfc062723c751e8b465ee728b)  -> (artifact id: 'ad61955fe74f2d093c8d3444ad38f11c') in 0.044019 seconds 
  Import took 0.048341 seconds .

========================================================================
Received Import Request.
  Time since last request: 1.440382 seconds.
  path: Assets/Art/Downloaded/Backgrounds/battleback mine.png
  artifactKey: Guid(b60ffdbe9b35615459dc41ae9b627ef5) Importer(815301076,1909f56bfc062723c751e8b465ee728b)
Start importing Assets/Art/Downloaded/Backgrounds/battleback mine.png using Guid(b60ffdbe9b35615459dc41ae9b627ef5) Importer(815301076,1909f56bfc062723c751e8b465ee728b)  -> (artifact id: '07c095ef7514002ef6f943ac4ae89686') in 0.035614 seconds 
  Import took 0.039149 seconds .

========================================================================
Received Import Request.
  Time since last request: 13.977741 seconds.
  path: Assets/Resources
  artifactKey: Guid(53e273722e45c1a42b9558635d6c7adb) Importer(815301076,1909f56bfc062723c751e8b465ee728b)
Start importing Assets/Resources using Guid(53e273722e45c1a42b9558635d6c7adb) Importer(815301076,1909f56bfc062723c751e8b465ee728b)  -> (artifact id: '73d5f9e41ad46c857e45eef973e87f4f') in 0.009715 seconds 
  Import took 0.013980 seconds .

========================================================================
Received Import Request.
  Time since last request: 1.431416 seconds.
  path: Assets/Resources/Prefabs
  artifactKey: Guid(d25cc5db57b36dd4b8b218bd0f69c72e) Importer(815301076,1909f56bfc062723c751e8b465ee728b)
Start importing Assets/Resources/Prefabs using Guid(d25cc5db57b36dd4b8b218bd0f69c72e) Importer(815301076,1909f56bfc062723c751e8b465ee728b)  -> (artifact id: '44a2dbac7efef8570ec5b708671ddf25') in 0.007433 seconds 
  Import took 0.011604 seconds .

========================================================================
Received Import Request.
  Time since last request: 1.619933 seconds.
  path: Assets/Resources/Prefabs/Bills Note.prefab
  artifactKey: Guid(8dca31204f356af40ae3587db8cd1170) Importer(815301076,1909f56bfc062723c751e8b465ee728b)
Start importing Assets/Resources/Prefabs/Bills Note.prefab using Guid(8dca31204f356af40ae3587db8cd1170) Importer(815301076,1909f56bfc062723c751e8b465ee728b)  -> (artifact id: 'b1ca136454106c5edad14976dde650b5') in 0.089909 seconds 
  Import took 0.094424 seconds .

========================================================================
Received Import Request.
  Time since last request: 1.605416 seconds.
  path: Assets/Resources/Prefabs/Dragon Sword.prefab
  artifactKey: Guid(b37f55591911bd640a1ca0c7f32ef9d9) Importer(815301076,1909f56bfc062723c751e8b465ee728b)
Start importing Assets/Resources/Prefabs/Dragon Sword.prefab using Guid(b37f55591911bd640a1ca0c7f32ef9d9) Importer(815301076,1909f56bfc062723c751e8b465ee728b)  -> (artifact id: '2797bf12011d6b88d89cd633c54b1c99') in 0.037239 seconds 
  Import took 0.041363 seconds .

========================================================================
Received Import Request.
  Time since last request: 0.495981 seconds.
  path: Assets/Resources/Prefabs/Bomb.prefab
  artifactKey: Guid(46b13a009b4ce8b45a670c87d28a8890) Importer(815301076,1909f56bfc062723c751e8b465ee728b)
Start importing Assets/Resources/Prefabs/Bomb.prefab using Guid(46b13a009b4ce8b45a670c87d28a8890) Importer(815301076,1909f56bfc062723c751e8b465ee728b)  -> (artifact id: '0d47b689c60660c0b64bbd1eaa3a0f40') in 0.015978 seconds 
  Import took 0.019931 seconds .

========================================================================
Received Import Request.
  Time since last request: 1.397133 seconds.
  path: Assets/Resources/Sounds
  artifactKey: Guid(e54cfa9430b122c4eb255fc8b0880189) Importer(815301076,1909f56bfc062723c751e8b465ee728b)
Start importing Assets/Resources/Sounds using Guid(e54cfa9430b122c4eb255fc8b0880189) Importer(815301076,1909f56bfc062723c751e8b465ee728b)  -> (artifact id: '6d56b495813fb7304861d00774b3a700') in 0.007854 seconds 
  Import took 0.011772 seconds .

========================================================================
Received Import Request.
  Time since last request: 0.385604 seconds.
  path: Assets/Resources/Prefabs/Win Note.prefab
  artifactKey: Guid(855484539802c7d428988eaab7427b53) Importer(815301076,1909f56bfc062723c751e8b465ee728b)
Start importing Assets/Resources/Prefabs/Win Note.prefab using Guid(855484539802c7d428988eaab7427b53) Importer(815301076,1909f56bfc062723c751e8b465ee728b)  -> (artifact id: '9d2823613203f9d7c7beb242fbcfc93d') in 0.015450 seconds 
  Import took 0.020370 seconds .

========================================================================
Received Import Request.
  Time since last request: 0.649555 seconds.
  path: Assets/Resources/Prefabs/Small Key.prefab
  artifactKey: Guid(6aafe0f66f15b8847a82ece7c05dbd24) Importer(815301076,1909f56bfc062723c751e8b465ee728b)
Start importing Assets/Resources/Prefabs/Small Key.prefab using Guid(6aafe0f66f15b8847a82ece7c05dbd24) Importer(815301076,1909f56bfc062723c751e8b465ee728b)  -> (artifact id: '6e9b9e2da401be84f7eb6ebdfc2959b4') in 0.015521 seconds 
  Import took 0.019768 seconds .

========================================================================
Received Import Request.
  Time since last request: 0.580310 seconds.
  path: Assets/Resources/Prefabs/Small Bomb.prefab
  artifactKey: Guid(f427b5dd631a20144ad9a4eeb0944111) Importer(815301076,1909f56bfc062723c751e8b465ee728b)
Start importing Assets/Resources/Prefabs/Small Bomb.prefab using Guid(f427b5dd631a20144ad9a4eeb0944111) Importer(815301076,1909f56bfc062723c751e8b465ee728b)  -> (artifact id: '7da4abbecd0cd547a5ff3f3bffd4c794') in 0.038013 seconds 
  Import took 0.042194 seconds .

========================================================================
Received Import Request.
  Time since last request: 1.079141 seconds.
  path: Assets/Resources/Prefabs/Red Potion.prefab
  artifactKey: Guid(0ec63d8c026d75b4a9276b24db2c6402) Importer(815301076,1909f56bfc062723c751e8b465ee728b)
Start importing Assets/Resources/Prefabs/Red Potion.prefab using Guid(0ec63d8c026d75b4a9276b24db2c6402) Importer(815301076,1909f56bfc062723c751e8b465ee728b)  -> (artifact id: 'd275788e2e0570c00f98e41ede9f3460') in 0.014869 seconds 
  Import took 0.019185 seconds .

========================================================================
Received Import Request.
  Time since last request: 0.548506 seconds.
  path: Assets/Resources/Prefabs/Increase Heart.prefab
  artifactKey: Guid(1eb053b03f99e5048aa70f9051a9d32c) Importer(815301076,1909f56bfc062723c751e8b465ee728b)
Start importing Assets/Resources/Prefabs/Increase Heart.prefab using Guid(1eb053b03f99e5048aa70f9051a9d32c) Importer(815301076,1909f56bfc062723c751e8b465ee728b)  -> (artifact id: 'e6173ea2a4dd971f09760203853a02bd') in 0.018245 seconds 
  Import took 0.022076 seconds .

========================================================================
Received Import Request.
  Time since last request: 0.486196 seconds.
  path: Assets/Resources/Prefabs/Green Crystal.prefab
  artifactKey: Guid(2f2d621776d80494a8e446bde41c435b) Importer(815301076,1909f56bfc062723c751e8b465ee728b)
Start importing Assets/Resources/Prefabs/Green Crystal.prefab using Guid(2f2d621776d80494a8e446bde41c435b) Importer(815301076,1909f56bfc062723c751e8b465ee728b)  -> (artifact id: '8dbf8153e050af3db6ec88f44502dba3') in 0.015922 seconds 
  Import took 0.020118 seconds .

========================================================================
Received Import Request.
  Time since last request: 0.496654 seconds.
  path: Assets/Resources/Prefabs/Ember Sword.prefab
  artifactKey: Guid(1d79d4410ba6cdf4fa4a98d89d2fd6cc) Importer(815301076,1909f56bfc062723c751e8b465ee728b)
Start importing Assets/Resources/Prefabs/Ember Sword.prefab using Guid(1d79d4410ba6cdf4fa4a98d89d2fd6cc) Importer(815301076,1909f56bfc062723c751e8b465ee728b)  -> (artifact id: '8866ceed29f1795e2ecd8518241fa89e') in 0.015113 seconds 
  Import took 0.019537 seconds .

========================================================================
Received Import Request.
  Time since last request: 2337.712192 seconds.
  path: Assets/Art/Art/EnvironmentTiles/woodsPack/tree_sm.psd
  artifactKey: Guid(ee1a0f0bae53316458010051f4e92269) Importer(815301076,1909f56bfc062723c751e8b465ee728b)
Start importing Assets/Art/Art/EnvironmentTiles/woodsPack/tree_sm.psd using Guid(ee1a0f0bae53316458010051f4e92269) Importer(815301076,1909f56bfc062723c751e8b465ee728b)  -> (artifact id: '800bf2fb7dcc8abd15aab82b6c3805df') in 0.021849 seconds 
  Import took 0.027304 seconds .

========================================================================
Received Import Request.
  Time since last request: 0.727570 seconds.
  path: Assets/Art/Art/EnvironmentTiles/woodsPack/tree_md.psd
  artifactKey: Guid(383430fbc8d0d404f91fb95569ece3f3) Importer(815301076,1909f56bfc062723c751e8b465ee728b)
Start importing Assets/Art/Art/EnvironmentTiles/woodsPack/tree_md.psd using Guid(383430fbc8d0d404f91fb95569ece3f3) Importer(815301076,1909f56bfc062723c751e8b465ee728b)  -> (artifact id: 'e6428b8e0427c54e25adc9dbf0b3839f') in 0.019604 seconds 
  Import took 0.023888 seconds .

========================================================================
Received Import Request.
  Time since last request: 1.294872 seconds.
  path: Assets/Art/Art/EnvironmentTiles/woodsPack/bush_lrg.psd
  artifactKey: Guid(e649facd9974549418a8b1c853fffa2b) Importer(815301076,1909f56bfc062723c751e8b465ee728b)
Start importing Assets/Art/Art/EnvironmentTiles/woodsPack/bush_lrg.psd using Guid(e649facd9974549418a8b1c853fffa2b) Importer(815301076,1909f56bfc062723c751e8b465ee728b)  -> (artifact id: '080acf9da3729305f4551d3b040cb385') in 0.016357 seconds 
  Import took 0.020551 seconds .

========================================================================
Received Import Request.
  Time since last request: 34.964715 seconds.
  path: Assets/Art/Art/EnvironmentTiles/basement
  artifactKey: Guid(888d3807288ff7d48bdf8b9742154f3c) Importer(815301076,1909f56bfc062723c751e8b465ee728b)
Start importing Assets/Art/Art/EnvironmentTiles/basement using Guid(888d3807288ff7d48bdf8b9742154f3c) Importer(815301076,1909f56bfc062723c751e8b465ee728b)  -> (artifact id: '8b4683e2ef510cb2257011624cdb165c') in 0.009743 seconds 
  Import took 0.016370 seconds .

========================================================================
Received Prepare
Registering precompiled user dll's ...
Registered in 0.003739 seconds.
Begin MonoManager ReloadAssembly
Native extension for WindowsStandalone target not found
Refreshing native plugins compatible for Editor in 0.63 ms, found 3 plugins.
Preloading 0 native plugins for Editor in 0.00 ms.
Mono: successfully reloaded assembly
- Completed reload, in  1.124 seconds
Platform modules already initialized, skipping
Refreshing native plugins compatible for Editor in 0.56 ms, found 3 plugins.
Preloading 0 native plugins for Editor in 0.00 ms.
Unloading 2080 Unused Serialized files (Serialized files now loaded: 0)
System memory in use before: 96.2 MB.
System memory in use after: 96.2 MB.

Unloading 21 unused Assets to reduce memory usage. Loaded Objects now: 2567.
Total: 3.272400 ms (FindLiveObjects: 0.280100 ms CreateObjectMapping: 0.098500 ms MarkObjects: 2.723000 ms  DeleteObjects: 0.168800 ms)

AssetImportParameters requested are different than current active one (requested -> active):
  custom:framework-win-MediaFoundation: 216162199b28c13a410421893ffa2e32 -> 
  custom:video-decoder-ogg-theora: a1e56fd34408186e4bbccfd4996cb3dc -> 
  custom:container-muxer-webm: aa71ff27fc2769a1b78a27578f13a17b -> 
  custom:container-demuxer-webm: 4f35f7cbe854078d1ac9338744f61a02 -> 
  custom:container-demuxer-ogg: 62fdf1f143b41e24485cea50d1cbac27 -> 
  custom:video-encoder-webm-vp8: eb34c28f22e8b96e1ab97ce403110664 -> 
  custom:video-decoder-webm-vp8: 9c59270c3fd7afecdb556c50c9e8de78 -> 
  custom:audio-decoder-ogg-vorbis: bf7c407c2cedff20999df2af8eb42d56 -> 
  custom:audio-encoder-webm-vorbis: bf7c407c2cedff20999df2af8eb42d56 -> 
========================================================================
Received Prepare
Registering precompiled user dll's ...
Registered in 0.003720 seconds.
Begin MonoManager ReloadAssembly
Native extension for WindowsStandalone target not found
Refreshing native plugins compatible for Editor in 0.63 ms, found 3 plugins.
Preloading 0 native plugins for Editor in 0.00 ms.
Mono: successfully reloaded assembly
- Completed reload, in  1.179 seconds
Platform modules already initialized, skipping
Refreshing native plugins compatible for Editor in 0.75 ms, found 3 plugins.
Preloading 0 native plugins for Editor in 0.00 ms.
Unloading 2080 Unused Serialized files (Serialized files now loaded: 0)
System memory in use before: 96.2 MB.
System memory in use after: 96.2 MB.

Unloading 21 unused Assets to reduce memory usage. Loaded Objects now: 2571.
Total: 3.054600 ms (FindLiveObjects: 0.199200 ms CreateObjectMapping: 0.084200 ms MarkObjects: 2.658800 ms  DeleteObjects: 0.111300 ms)

AssetImportParameters requested are different than current active one (requested -> active):
  custom:framework-win-MediaFoundation: 216162199b28c13a410421893ffa2e32 -> 
  custom:video-decoder-ogg-theora: a1e56fd34408186e4bbccfd4996cb3dc -> 
  custom:container-muxer-webm: aa71ff27fc2769a1b78a27578f13a17b -> 
  custom:container-demuxer-webm: 4f35f7cbe854078d1ac9338744f61a02 -> 
  custom:container-demuxer-ogg: 62fdf1f143b41e24485cea50d1cbac27 -> 
  custom:video-encoder-webm-vp8: eb34c28f22e8b96e1ab97ce403110664 -> 
  custom:video-decoder-webm-vp8: 9c59270c3fd7afecdb556c50c9e8de78 -> 
  custom:audio-decoder-ogg-vorbis: bf7c407c2cedff20999df2af8eb42d56 -> 
  custom:audio-encoder-webm-vorbis: bf7c407c2cedff20999df2af8eb42d56 -> 
========================================================================
Received Prepare
Registering precompiled user dll's ...
Registered in 0.004600 seconds.
Begin MonoManager ReloadAssembly
Native extension for WindowsStandalone target not found
Refreshing native plugins compatible for Editor in 0.64 ms, found 3 plugins.
Preloading 0 native plugins for Editor in 0.00 ms.
Mono: successfully reloaded assembly
- Completed reload, in  1.128 seconds
Platform modules already initialized, skipping
Refreshing native plugins compatible for Editor in 0.56 ms, found 3 plugins.
Preloading 0 native plugins for Editor in 0.00 ms.
Unloading 2080 Unused Serialized files (Serialized files now loaded: 0)
System memory in use before: 96.3 MB.
System memory in use after: 96.2 MB.

Unloading 21 unused Assets to reduce memory usage. Loaded Objects now: 2575.
Total: 2.804400 ms (FindLiveObjects: 0.211900 ms CreateObjectMapping: 0.083200 ms MarkObjects: 2.316500 ms  DeleteObjects: 0.191500 ms)

AssetImportParameters requested are different than current active one (requested -> active):
  custom:framework-win-MediaFoundation: 216162199b28c13a410421893ffa2e32 -> 
  custom:video-decoder-ogg-theora: a1e56fd34408186e4bbccfd4996cb3dc -> 
  custom:container-muxer-webm: aa71ff27fc2769a1b78a27578f13a17b -> 
  custom:container-demuxer-webm: 4f35f7cbe854078d1ac9338744f61a02 -> 
  custom:container-demuxer-ogg: 62fdf1f143b41e24485cea50d1cbac27 -> 
  custom:video-encoder-webm-vp8: eb34c28f22e8b96e1ab97ce403110664 -> 
  custom:video-decoder-webm-vp8: 9c59270c3fd7afecdb556c50c9e8de78 -> 
  custom:audio-decoder-ogg-vorbis: bf7c407c2cedff20999df2af8eb42d56 -> 
  custom:audio-encoder-webm-vorbis: bf7c407c2cedff20999df2af8eb42d56 -> 
========================================================================
Received Prepare
Registering precompiled user dll's ...
Registered in 0.003642 seconds.
Begin MonoManager ReloadAssembly
Native extension for WindowsStandalone target not found
Refreshing native plugins compatible for Editor in 0.59 ms, found 3 plugins.
Preloading 0 native plugins for Editor in 0.00 ms.
Mono: successfully reloaded assembly
- Completed reload, in  1.120 seconds
Platform modules already initialized, skipping
Refreshing native plugins compatible for Editor in 0.66 ms, found 3 plugins.
Preloading 0 native plugins for Editor in 0.00 ms.
Unloading 2080 Unused Serialized files (Serialized files now loaded: 0)
System memory in use before: 96.3 MB.
System memory in use after: 96.2 MB.

Unloading 21 unused Assets to reduce memory usage. Loaded Objects now: 2579.
Total: 2.334000 ms (FindLiveObjects: 0.194100 ms CreateObjectMapping: 0.079900 ms MarkObjects: 1.907400 ms  DeleteObjects: 0.151700 ms)

AssetImportParameters requested are different than current active one (requested -> active):
  custom:framework-win-MediaFoundation: 216162199b28c13a410421893ffa2e32 -> 
  custom:video-decoder-ogg-theora: a1e56fd34408186e4bbccfd4996cb3dc -> 
  custom:container-muxer-webm: aa71ff27fc2769a1b78a27578f13a17b -> 
  custom:container-demuxer-webm: 4f35f7cbe854078d1ac9338744f61a02 -> 
  custom:container-demuxer-ogg: 62fdf1f143b41e24485cea50d1cbac27 -> 
  custom:video-encoder-webm-vp8: eb34c28f22e8b96e1ab97ce403110664 -> 
  custom:video-decoder-webm-vp8: 9c59270c3fd7afecdb556c50c9e8de78 -> 
  custom:audio-decoder-ogg-vorbis: bf7c407c2cedff20999df2af8eb42d56 -> 
  custom:audio-encoder-webm-vorbis: bf7c407c2cedff20999df2af8eb42d56 -> 
AssetImportWorkerClient::OnTransportError - code=2 error=End of file
